Using pre-set license
Built from '2020.3/staging' branch; Version is '2020.3.23f1 (c5d91304a876) revision 12966163'; Using compiler version '192528614'; Build Type 'Release'
OS: 'Windows 10 Education; OS build 19044.1466; Version 2009; 64bit' Language: 'ko' Physical Memory: 15212 MB
BatchMode: 1, IsHumanControllingUs: 0, StartBugReporterOnCrash: 0, Is64bit: 1, IsPro: 0

COMMAND LINE ARGUMENTS:
C:\Program Files\Unity\Hub\Editor\2020.3.23f1\Editor\Unity.exe
-adb2
-batchMode
-noUpm
-name
AssetImportWorker0
-projectPath
C:/Users/hwayoung LEE/Documents/GitHub/CapstoneDesign_2021/CapstoneDesign_202
-logFile
Logs/AssetImportWorker0.log
-srvPort
64520
Successfully changed project path to: C:/Users/hwayoung LEE/Documents/GitHub/CapstoneDesign_2021/CapstoneDesign_202
C:/Users/hwayoung LEE/Documents/GitHub/CapstoneDesign_2021/CapstoneDesign_202
Using Asset Import Pipeline V2.
Refreshing native plugins compatible for Editor in 138.64 ms, found 7 plugins.
Preloading 1 native plugins for Editor in 6.24 ms.
Initialize engine version: 2020.3.23f1 (c5d91304a876)
[Subsystems] Discovering subsystems at path C:/Program Files/Unity/Hub/Editor/2020.3.23f1/Editor/Data/Resources/UnitySubsystems
[Subsystems] Discovering subsystems at path C:/Users/hwayoung LEE/Documents/GitHub/CapstoneDesign_2021/CapstoneDesign_202/Assets
GfxDevice: creating device client; threaded=0
Direct3D:
    Version:  Direct3D 11.0 [level 11.1]
    Renderer: NVIDIA GeForce RTX 3060 Laptop GPU (ID=0x2560)
    Vendor:   
    VRAM:     6023 MB
    Driver:   30.0.14.7256
Shader 'Oculus/OVRMRCameraFrameLit': fallback shader 'Alpha-Diffuse' not found
Shader 'Hidden/BOXOPHOBIC/The Vegetation Engine/Helpers/Debug': dependency 'LightMode' shader 'ForwardBase' not found
Initialize mono
Mono path[0] = 'C:/Program Files/Unity/Hub/Editor/2020.3.23f1/Editor/Data/Managed'
Mono path[1] = 'C:/Program Files/Unity/Hub/Editor/2020.3.23f1/Editor/Data/MonoBleedingEdge/lib/mono/unityjit'
Mono config path = 'C:/Program Files/Unity/Hub/Editor/2020.3.23f1/Editor/Data/MonoBleedingEdge/etc'
Using monoOptions --debugger-agent=transport=dt_socket,embedding=1,server=y,suspend=n,address=127.0.0.1:56728
Begin MonoManager ReloadAssembly
Registering precompiled unity dll's ...
Register platform support module: C:/Program Files/Unity/Hub/Editor/2020.3.23f1/Editor/Data/PlaybackEngines/WindowsStandaloneSupport/UnityEditor.WindowsStandalone.Extensions.dll
Registered in 0.001868 seconds.
Native extension for WindowsStandalone target not found
Refreshing native plugins compatible for Editor in 85.22 ms, found 7 plugins.
Preloading 1 native plugins for Editor in 0.08 ms.
Mono: successfully reloaded assembly
- Completed reload, in  0.525 seconds
Domain Reload Profiling:
	ReloadAssembly (525ms)
		BeginReloadAssembly (43ms)
			ExecutionOrderSort (0ms)
			DisableScriptedObjects (0ms)
			BackupInstance (0ms)
			ReleaseScriptingObjects (0ms)
			CreateAndSetChildDomain (1ms)
		EndReloadAssembly (424ms)
			LoadAssemblies (41ms)
			RebuildTransferFunctionScriptingTraits (0ms)
			SetupTypeCache (115ms)
			ReleaseScriptCaches (0ms)
			RebuildScriptCaches (22ms)
			SetupLoadedEditorAssemblies (193ms)
				LogAssemblyErrors (0ms)
				InitializePlatformSupportModulesInManaged (4ms)
				SetLoadedEditorAssemblies (0ms)
				RefreshPlugins (85ms)
				BeforeProcessingInitializeOnLoad (8ms)
				ProcessInitializeOnLoadAttributes (70ms)
				ProcessInitializeOnLoadMethodAttributes (25ms)
				AfterProcessingInitializeOnLoad (0ms)
				EditorAssembliesLoaded (0ms)
			ExecutionOrderSort2 (0ms)
			AwakeInstancesAfterBackupRestoration (0ms)
Platform modules already initialized, skipping
Registering precompiled user dll's ...
Registered in 0.015960 seconds.
Begin MonoManager ReloadAssembly
Native extension for WindowsStandalone target not found
Refreshing native plugins compatible for Editor in 2.30 ms, found 7 plugins.
Preloading 1 native plugins for Editor in 0.07 ms.
Refreshing native plugins compatible for Editor in 2.21 ms, found 7 plugins.
DisplayProgressbar: Populating Wwise Picker
[XR] OculusXRPlugin: registering subsystems
[XR] Unable to register display lifecyle provider: [1]
[XR] Oculus Input lifecycle provider registered.
[XR] Unable to register input lifecyle provider: [1]
[XR] OVRP version 1.67.0
Mono: successfully reloaded assembly
- Completed reload, in  1.389 seconds
Domain Reload Profiling:
	ReloadAssembly (1390ms)
		BeginReloadAssembly (134ms)
			ExecutionOrderSort (0ms)
			DisableScriptedObjects (5ms)
			BackupInstance (0ms)
			ReleaseScriptingObjects (0ms)
			CreateAndSetChildDomain (21ms)
		EndReloadAssembly (1199ms)
			LoadAssemblies (95ms)
			RebuildTransferFunctionScriptingTraits (0ms)
			SetupTypeCache (289ms)
			ReleaseScriptCaches (1ms)
			RebuildScriptCaches (59ms)
			SetupLoadedEditorAssemblies (657ms)
				LogAssemblyErrors (0ms)
				InitializePlatformSupportModulesInManaged (5ms)
				SetLoadedEditorAssemblies (1ms)
				RefreshPlugins (2ms)
				BeforeProcessingInitializeOnLoad (83ms)
				ProcessInitializeOnLoadAttributes (519ms)
				ProcessInitializeOnLoadMethodAttributes (43ms)
				AfterProcessingInitializeOnLoad (5ms)
				EditorAssembliesLoaded (0ms)
			ExecutionOrderSort2 (0ms)
			AwakeInstancesAfterBackupRestoration (6ms)
Platform modules already initialized, skipping
========================================================================
Worker process is ready to serve import requests
Shader 'Hidden/BOXOPHOBIC/The Vegetation Engine/Helpers/Debug': dependency 'LightMode' shader 'ForwardBase' not found
Shader 'Oculus/OVRMRCameraFrameLit': fallback shader 'Alpha-Diffuse' not found
Launched and connected shader compiler UnityShaderCompiler.exe after 0.06 seconds
Refreshing native plugins compatible for Editor in 1.91 ms, found 7 plugins.
Preloading 1 native plugins for Editor in 0.09 ms.
Unloading 3316 Unused Serialized files (Serialized files now loaded: 0)
System memory in use before: 311.8 MB.
System memory in use after: 312.0 MB.

Unloading 208 unused Assets to reduce memory usage. Loaded Objects now: 3613.
Total: 4.089700 ms (FindLiveObjects: 0.332400 ms CreateObjectMapping: 0.079600 ms MarkObjects: 3.503600 ms  DeleteObjects: 0.173300 ms)

AssetImportParameters requested are different than current active one (requested -> active):
  custom:framework-win-MediaFoundation: 216162199b28c13a410421893ffa2e32 -> 
  custom:video-decoder-ogg-theora: a1e56fd34408186e4bbccfd4996cb3dc -> 
  custom:container-muxer-webm: aa71ff27fc2769a1b78a27578f13a17b -> 
  custom:container-demuxer-webm: 4f35f7cbe854078d1ac9338744f61a02 -> 
  custom:container-demuxer-ogg: 62fdf1f143b41e24485cea50d1cbac27 -> 
  custom:video-encoder-webm-vp8: eb34c28f22e8b96e1ab97ce403110664 -> 
  custom:video-decoder-webm-vp8: 9c59270c3fd7afecdb556c50c9e8de78 -> 
  custom:audio-decoder-ogg-vorbis: bf7c407c2cedff20999df2af8eb42d56 -> 
  custom:audio-encoder-webm-vorbis: bf7c407c2cedff20999df2af8eb42d56 -> 
========================================================================
Received Import Request.
  path: Assets/HY/danchang2.mat
  artifactKey: Guid(bcc43ab775f1fd647be2f559aab660ac) Importer(815301076,1909f56bfc062723c751e8b465ee728b)
Start importing Assets/HY/danchang2.mat using Guid(bcc43ab775f1fd647be2f559aab660ac) Importer(815301076,1909f56bfc062723c751e8b465ee728b)  -> (artifact id: '569d088dd1f060f3e3f5f506f2c3f7c9') in 0.080944 seconds 
  Import took 0.086212 seconds .

========================================================================
Received Prepare
Registering precompiled user dll's ...
Registered in 0.014282 seconds.
Begin MonoManager ReloadAssembly
Native extension for WindowsStandalone target not found
Refreshing native plugins compatible for Editor in 2.02 ms, found 7 plugins.
Preloading 1 native plugins for Editor in 0.06 ms.
Refreshing native plugins compatible for Editor in 2.06 ms, found 7 plugins.
Mono: successfully reloaded assembly
- Completed reload, in  1.012 seconds
Domain Reload Profiling:
	ReloadAssembly (1012ms)
		BeginReloadAssembly (106ms)
			ExecutionOrderSort (0ms)
			DisableScriptedObjects (3ms)
			BackupInstance (0ms)
			ReleaseScriptingObjects (0ms)
			CreateAndSetChildDomain (34ms)
		EndReloadAssembly (860ms)
			LoadAssemblies (73ms)
			RebuildTransferFunctionScriptingTraits (0ms)
			SetupTypeCache (226ms)
			ReleaseScriptCaches (1ms)
			RebuildScriptCaches (30ms)
			SetupLoadedEditorAssemblies (437ms)
				LogAssemblyErrors (0ms)
				InitializePlatformSupportModulesInManaged (3ms)
				SetLoadedEditorAssemblies (0ms)
				RefreshPlugins (2ms)
				BeforeProcessingInitializeOnLoad (50ms)
				ProcessInitializeOnLoadAttributes (338ms)
				ProcessInitializeOnLoadMethodAttributes (38ms)
				AfterProcessingInitializeOnLoad (5ms)
				EditorAssembliesLoaded (0ms)
			ExecutionOrderSort2 (0ms)
			AwakeInstancesAfterBackupRestoration (6ms)
Platform modules already initialized, skipping
Shader 'Hidden/BOXOPHOBIC/The Vegetation Engine/Helpers/Debug': dependency 'LightMode' shader 'ForwardBase' not found
Shader 'Oculus/OVRMRCameraFrameLit': fallback shader 'Alpha-Diffuse' not found
Refreshing native plugins compatible for Editor in 2.41 ms, found 7 plugins.
Preloading 1 native plugins for Editor in 0.09 ms.
Unloading 3150 Unused Serialized files (Serialized files now loaded: 0)
System memory in use before: 300.1 MB.
System memory in use after: 300.4 MB.

Unloading 209 unused Assets to reduce memory usage. Loaded Objects now: 3650.
Total: 4.364300 ms (FindLiveObjects: 0.388100 ms CreateObjectMapping: 0.097500 ms MarkObjects: 3.789000 ms  DeleteObjects: 0.088600 ms)

AssetImportParameters requested are different than current active one (requested -> active):
  custom:framework-win-MediaFoundation: 216162199b28c13a410421893ffa2e32 -> 
  custom:video-decoder-ogg-theora: a1e56fd34408186e4bbccfd4996cb3dc -> 
  custom:container-muxer-webm: aa71ff27fc2769a1b78a27578f13a17b -> 
  custom:container-demuxer-webm: 4f35f7cbe854078d1ac9338744f61a02 -> 
  custom:container-demuxer-ogg: 62fdf1f143b41e24485cea50d1cbac27 -> 
  custom:video-encoder-webm-vp8: eb34c28f22e8b96e1ab97ce403110664 -> 
  custom:video-decoder-webm-vp8: 9c59270c3fd7afecdb556c50c9e8de78 -> 
  custom:audio-decoder-ogg-vorbis: bf7c407c2cedff20999df2af8eb42d56 -> 
  custom:audio-encoder-webm-vorbis: bf7c407c2cedff20999df2af8eb42d56 -> 
========================================================================
Received Prepare
Registering precompiled user dll's ...
Registered in 0.017234 seconds.
Begin MonoManager ReloadAssembly
Native extension for WindowsStandalone target not found
Refreshing native plugins compatible for Editor in 2.30 ms, found 7 plugins.
Preloading 1 native plugins for Editor in 0.10 ms.
Refreshing native plugins compatible for Editor in 2.45 ms, found 7 plugins.
Mono: successfully reloaded assembly
- Completed reload, in  1.142 seconds
Domain Reload Profiling:
	ReloadAssembly (1142ms)
		BeginReloadAssembly (105ms)
			ExecutionOrderSort (0ms)
			DisableScriptedObjects (3ms)
			BackupInstance (0ms)
			ReleaseScriptingObjects (0ms)
			CreateAndSetChildDomain (39ms)
		EndReloadAssembly (984ms)
			LoadAssemblies (84ms)
			RebuildTransferFunctionScriptingTraits (0ms)
			SetupTypeCache (259ms)
			ReleaseScriptCaches (1ms)
			RebuildScriptCaches (38ms)
			SetupLoadedEditorAssemblies (503ms)
				LogAssemblyErrors (0ms)
				InitializePlatformSupportModulesInManaged (4ms)
				SetLoadedEditorAssemblies (0ms)
				RefreshPlugins (2ms)
				BeforeProcessingInitializeOnLoad (62ms)
				ProcessInitializeOnLoadAttributes (385ms)
				ProcessInitializeOnLoadMethodAttributes (44ms)
				AfterProcessingInitializeOnLoad (5ms)
				EditorAssembliesLoaded (0ms)
			ExecutionOrderSort2 (0ms)
			AwakeInstancesAfterBackupRestoration (6ms)
Platform modules already initialized, skipping
Shader 'Hidden/BOXOPHOBIC/The Vegetation Engine/Helpers/Debug': dependency 'LightMode' shader 'ForwardBase' not found
Shader 'Oculus/OVRMRCameraFrameLit': fallback shader 'Alpha-Diffuse' not found
Refreshing native plugins compatible for Editor in 2.49 ms, found 7 plugins.
Preloading 1 native plugins for Editor in 0.10 ms.
Unloading 3150 Unused Serialized files (Serialized files now loaded: 0)
System memory in use before: 300.2 MB.
System memory in use after: 300.4 MB.

Unloading 203 unused Assets to reduce memory usage. Loaded Objects now: 3653.
Total: 4.727400 ms (FindLiveObjects: 0.454900 ms CreateObjectMapping: 0.211000 ms MarkObjects: 3.978100 ms  DeleteObjects: 0.082200 ms)

AssetImportParameters requested are different than current active one (requested -> active):
  custom:framework-win-MediaFoundation: 216162199b28c13a410421893ffa2e32 -> 
  custom:video-decoder-ogg-theora: a1e56fd34408186e4bbccfd4996cb3dc -> 
  custom:container-muxer-webm: aa71ff27fc2769a1b78a27578f13a17b -> 
  custom:container-demuxer-webm: 4f35f7cbe854078d1ac9338744f61a02 -> 
  custom:container-demuxer-ogg: 62fdf1f143b41e24485cea50d1cbac27 -> 
  custom:video-encoder-webm-vp8: eb34c28f22e8b96e1ab97ce403110664 -> 
  custom:video-decoder-webm-vp8: 9c59270c3fd7afecdb556c50c9e8de78 -> 
  custom:audio-decoder-ogg-vorbis: bf7c407c2cedff20999df2af8eb42d56 -> 
  custom:audio-encoder-webm-vorbis: bf7c407c2cedff20999df2af8eb42d56 -> 
========================================================================
Received Import Request.
  Time since last request: 78596.039294 seconds.
  path: Assets/street_light_korea.fbx
  artifactKey: Guid(b1c6777b689614647b166c6a58f8f0c5) Importer(815301076,1909f56bfc062723c751e8b465ee728b)
Start importing Assets/street_light_korea.fbx using Guid(b1c6777b689614647b166c6a58f8f0c5) Importer(815301076,1909f56bfc062723c751e8b465ee728b)  -> (artifact id: 'e922892dab99608db2cb6c79fd253cca') in 0.500580 seconds 
  Import took 0.590345 seconds .

========================================================================
Received Import Request.
  Time since last request: 222.155338 seconds.
  path: Assets/HY/clic0003.jpg
  artifactKey: Guid(a20141329de12b941ab4ca2eacc98e45) Importer(815301076,1909f56bfc062723c751e8b465ee728b)
Start importing Assets/HY/clic0003.jpg using Guid(a20141329de12b941ab4ca2eacc98e45) Importer(815301076,1909f56bfc062723c751e8b465ee728b)  -> (artifact id: '5a09753a5baf9f38d976374ae1d5a44b') in 0.029746 seconds 
  Import took 0.035157 seconds .

========================================================================
Received Import Request.
  Time since last request: 0.000149 seconds.
  path: Assets/HY/danchang.mat
  artifactKey: Guid(606510b4e225f3b4b978f5210313ae7e) Importer(815301076,1909f56bfc062723c751e8b465ee728b)
Start importing Assets/HY/danchang.mat using Guid(606510b4e225f3b4b978f5210313ae7e) Importer(815301076,1909f56bfc062723c751e8b465ee728b)  -> (artifact id: '7bd9bf96426a1eff30f50348e4afb952') in 0.045414 seconds 
  Import took 0.050123 seconds .

========================================================================
Received Import Request.
  Time since last request: 0.000147 seconds.
  path: Assets/HY/ilie1035.jpg
  artifactKey: Guid(8445543755115e6409cf349ce0868a17) Importer(815301076,1909f56bfc062723c751e8b465ee728b)
Start importing Assets/HY/ilie1035.jpg using Guid(8445543755115e6409cf349ce0868a17) Importer(815301076,1909f56bfc062723c751e8b465ee728b)  -> (artifact id: '094b60fea486887b1d339c5439db12ab') in 0.013185 seconds 
  Import took 0.017821 seconds .

========================================================================
Received Import Request.
  Time since last request: 0.000166 seconds.
  path: Assets/HY/LIGHT UVv.png
  artifactKey: Guid(8869e5bbc64fabe488fcee379b1c080b) Importer(815301076,1909f56bfc062723c751e8b465ee728b)
Start importing Assets/HY/LIGHT UVv.png using Guid(8869e5bbc64fabe488fcee379b1c080b) Importer(815301076,1909f56bfc062723c751e8b465ee728b)  -> (artifact id: 'b45fa18b208170313daa5324fbaa623d') in 0.014182 seconds 
  Import took 0.018895 seconds .

========================================================================
Received Import Request.
  Time since last request: 0.000156 seconds.
  path: Assets/HY/png-transparent-mountain-clouds-mountain-peak-clouds-mountain.png
  artifactKey: Guid(cfbb5d7c92337514386fd4b2ded22ff7) Importer(815301076,1909f56bfc062723c751e8b465ee728b)
Start importing Assets/HY/png-transparent-mountain-clouds-mountain-peak-clouds-mountain.png using Guid(cfbb5d7c92337514386fd4b2ded22ff7) Importer(815301076,1909f56bfc062723c751e8b465ee728b)  -> (artifact id: 'b9f830fb7de965dfc4b2bcb2586da70d') in 0.014755 seconds 
  Import took 0.018977 seconds .

========================================================================
Received Import Request.
  Time since last request: 0.000172 seconds.
  path: Assets/HY/png-transparent-gray-mountain-range-mountain-icon-mountain-computer-wallpaper-desktop-wallpaper-elevation.png
  artifactKey: Guid(b20a52e848d0f27499018aa8dd4c8e4e) Importer(815301076,1909f56bfc062723c751e8b465ee728b)
Start importing Assets/HY/png-transparent-gray-mountain-range-mountain-icon-mountain-computer-wallpaper-desktop-wallpaper-elevation.png using Guid(b20a52e848d0f27499018aa8dd4c8e4e) Importer(815301076,1909f56bfc062723c751e8b465ee728b)  -> (artifact id: '148511293852dc995b33cb37b10233b9') in 0.014791 seconds 
  Import took 0.019126 seconds .

========================================================================
Received Import Request.
  Time since last request: 0.000155 seconds.
  path: Assets/HY/thumb_l_4BE65FD7E7A5030B1E7E40555ABFCD03.png
  artifactKey: Guid(4120e16ade913564f988d1980d0d99c0) Importer(815301076,1909f56bfc062723c751e8b465ee728b)
Start importing Assets/HY/thumb_l_4BE65FD7E7A5030B1E7E40555ABFCD03.png using Guid(4120e16ade913564f988d1980d0d99c0) Importer(815301076,1909f56bfc062723c751e8b465ee728b)  -> (artifact id: '9819882b20c1f47306b2c1af58d02315') in 0.013929 seconds 
  Import took 0.018778 seconds .

========================================================================
Received Import Request.
  Time since last request: 0.000152 seconds.
  path: Assets/HY/doors.fbx
  artifactKey: Guid(7aeef4f15a824864f821746ec747f85c) Importer(815301076,1909f56bfc062723c751e8b465ee728b)
Start importing Assets/HY/doors.fbx using Guid(7aeef4f15a824864f821746ec747f85c) Importer(815301076,1909f56bfc062723c751e8b465ee728b)  -> (artifact id: 'ba7dc4799b3a9a8c90c02d3b288d7121') in 0.082340 seconds 
  Import took 0.086581 seconds .

========================================================================
Received Import Request.
  Time since last request: 0.000154 seconds.
  path: Assets/HY/ti325059076.jpg
  artifactKey: Guid(9fa2c17faea40f146b8c6218b1d04d98) Importer(815301076,1909f56bfc062723c751e8b465ee728b)
Start importing Assets/HY/ti325059076.jpg using Guid(9fa2c17faea40f146b8c6218b1d04d98) Importer(815301076,1909f56bfc062723c751e8b465ee728b)  -> (artifact id: '71eb6017283e8769595956e29c562f08') in 0.013930 seconds 
  Import took 0.018256 seconds .

========================================================================
Received Import Request.
  Time since last request: 0.000154 seconds.
  path: Assets/HY/TexturesCom_Paint_WroughtIron_512_metallic.tif
  artifactKey: Guid(0d4988755a64aab4f8f4c228d3dba2fc) Importer(815301076,1909f56bfc062723c751e8b465ee728b)
Start importing Assets/HY/TexturesCom_Paint_WroughtIron_512_metallic.tif using Guid(0d4988755a64aab4f8f4c228d3dba2fc) Importer(815301076,1909f56bfc062723c751e8b465ee728b)  -> (artifact id: '3f1888cfce902c71251e7fb34a12a9bd') in 0.013666 seconds 
  Import took 0.018867 seconds .

========================================================================
Received Import Request.
  Time since last request: 0.000154 seconds.
  path: Assets/HY/TexturesCom_LandscapesGreen0085_2_masked_S.png
  artifactKey: Guid(1f7bdaaecc4e1aa44a05acbb3d67682e) Importer(815301076,1909f56bfc062723c751e8b465ee728b)
Start importing Assets/HY/TexturesCom_LandscapesGreen0085_2_masked_S.png using Guid(1f7bdaaecc4e1aa44a05acbb3d67682e) Importer(815301076,1909f56bfc062723c751e8b465ee728b)  -> (artifact id: '5be0364186f6c8b655f9672e4ea3e661') in 0.015450 seconds 
  Import took 0.019845 seconds .

========================================================================
Received Import Request.
  Time since last request: 0.000158 seconds.
  path: Assets/HY/Deogyusan_from_Hyangjeok_Peak.jpg
  artifactKey: Guid(1cbac88629aa8d8419421a1171fa506c) Importer(815301076,1909f56bfc062723c751e8b465ee728b)
Start importing Assets/HY/Deogyusan_from_Hyangjeok_Peak.jpg using Guid(1cbac88629aa8d8419421a1171fa506c) Importer(815301076,1909f56bfc062723c751e8b465ee728b)  -> (artifact id: 'd59bc318f14d90e192875667a2813d1c') in 0.015765 seconds 
  Import took 0.020692 seconds .

========================================================================
Received Prepare
Registering precompiled user dll's ...
Registered in 0.345652 seconds.
Begin MonoManager ReloadAssembly
Native extension for WindowsStandalone target not found
Refreshing native plugins compatible for Editor in 2.21 ms, found 7 plugins.
Preloading 1 native plugins for Editor in 0.13 ms.
Refreshing native plugins compatible for Editor in 2.55 ms, found 7 plugins.
Mono: successfully reloaded assembly
- Completed reload, in  1.215 seconds
Domain Reload Profiling:
	ReloadAssembly (1216ms)
		BeginReloadAssembly (138ms)
			ExecutionOrderSort (0ms)
			DisableScriptedObjects (4ms)
			BackupInstance (0ms)
			ReleaseScriptingObjects (0ms)
			CreateAndSetChildDomain (68ms)
		EndReloadAssembly (1024ms)
			LoadAssemblies (98ms)
			RebuildTransferFunctionScriptingTraits (0ms)
			SetupTypeCache (278ms)
			ReleaseScriptCaches (1ms)
			RebuildScriptCaches (37ms)
			SetupLoadedEditorAssemblies (509ms)
				LogAssemblyErrors (0ms)
				InitializePlatformSupportModulesInManaged (4ms)
				SetLoadedEditorAssemblies (1ms)
				RefreshPlugins (2ms)
				BeforeProcessingInitializeOnLoad (60ms)
				ProcessInitializeOnLoadAttributes (393ms)
				ProcessInitializeOnLoadMethodAttributes (43ms)
				AfterProcessingInitializeOnLoad (5ms)
				EditorAssembliesLoaded (0ms)
			ExecutionOrderSort2 (0ms)
			AwakeInstancesAfterBackupRestoration (6ms)
Platform modules already initialized, skipping
Shader 'Hidden/BOXOPHOBIC/The Vegetation Engine/Helpers/Debug': dependency 'LightMode' shader 'ForwardBase' not found
Shader 'Oculus/OVRMRCameraFrameLit': fallback shader 'Alpha-Diffuse' not found
Refreshing native plugins compatible for Editor in 2.52 ms, found 7 plugins.
Preloading 1 native plugins for Editor in 0.13 ms.
Unloading 3150 Unused Serialized files (Serialized files now loaded: 0)
System memory in use before: 300.3 MB.
System memory in use after: 300.6 MB.

Unloading 203 unused Assets to reduce memory usage. Loaded Objects now: 3663.
Total: 5.258900 ms (FindLiveObjects: 0.429200 ms CreateObjectMapping: 0.135600 ms MarkObjects: 4.608300 ms  DeleteObjects: 0.084200 ms)

AssetImportParameters requested are different than current active one (requested -> active):
  custom:framework-win-MediaFoundation: 216162199b28c13a410421893ffa2e32 -> 
  custom:video-decoder-ogg-theora: a1e56fd34408186e4bbccfd4996cb3dc -> 
  custom:container-muxer-webm: aa71ff27fc2769a1b78a27578f13a17b -> 
  custom:container-demuxer-webm: 4f35f7cbe854078d1ac9338744f61a02 -> 
  custom:container-demuxer-ogg: 62fdf1f143b41e24485cea50d1cbac27 -> 
  custom:video-encoder-webm-vp8: eb34c28f22e8b96e1ab97ce403110664 -> 
  custom:video-decoder-webm-vp8: 9c59270c3fd7afecdb556c50c9e8de78 -> 
  custom:audio-decoder-ogg-vorbis: bf7c407c2cedff20999df2af8eb42d56 -> 
  custom:audio-encoder-webm-vorbis: bf7c407c2cedff20999df2af8eb42d56 -> 
========================================================================
Received Import Request.
  Time since last request: 766.523589 seconds.
  path: Assets/HY/street_light_korea.fbx
  artifactKey: Guid(b1c6777b689614647b166c6a58f8f0c5) Importer(815301076,1909f56bfc062723c751e8b465ee728b)
Start importing Assets/HY/street_light_korea.fbx using Guid(b1c6777b689614647b166c6a58f8f0c5) Importer(815301076,1909f56bfc062723c751e8b465ee728b)  -> (artifact id: '2865dd4a33066cca1a2c17c392f00857') in 0.198955 seconds 
  Import took 0.205071 seconds .

========================================================================
Received Prepare
Registering precompiled user dll's ...
Registered in 0.013817 seconds.
Begin MonoManager ReloadAssembly
Native extension for WindowsStandalone target not found
Refreshing native plugins compatible for Editor in 2.11 ms, found 7 plugins.
Preloading 1 native plugins for Editor in 0.06 ms.
Refreshing native plugins compatible for Editor in 2.09 ms, found 7 plugins.
Mono: successfully reloaded assembly
- Completed reload, in  0.961 seconds
Domain Reload Profiling:
	ReloadAssembly (961ms)
		BeginReloadAssembly (93ms)
			ExecutionOrderSort (0ms)
			DisableScriptedObjects (3ms)
			BackupInstance (0ms)
			ReleaseScriptingObjects (0ms)
			CreateAndSetChildDomain (37ms)
		EndReloadAssembly (821ms)
			LoadAssemblies (72ms)
			RebuildTransferFunctionScriptingTraits (0ms)
			SetupTypeCache (208ms)
			ReleaseScriptCaches (1ms)
			RebuildScriptCaches (31ms)
			SetupLoadedEditorAssemblies (425ms)
				LogAssemblyErrors (0ms)
				InitializePlatformSupportModulesInManaged (3ms)
				SetLoadedEditorAssemblies (0ms)
				RefreshPlugins (2ms)
				BeforeProcessingInitializeOnLoad (53ms)
				ProcessInitializeOnLoadAttributes (325ms)
				ProcessInitializeOnLoadMethodAttributes (36ms)
				AfterProcessingInitializeOnLoad (5ms)
				EditorAssembliesLoaded (0ms)
			ExecutionOrderSort2 (0ms)
			AwakeInstancesAfterBackupRestoration (5ms)
Platform modules already initialized, skipping
Shader 'Hidden/BOXOPHOBIC/The Vegetation Engine/Helpers/Debug': dependency 'LightMode' shader 'ForwardBase' not found
Shader 'Oculus/OVRMRCameraFrameLit': fallback shader 'Alpha-Diffuse' not found
Refreshing native plugins compatible for Editor in 2.22 ms, found 7 plugins.
Preloading 1 native plugins for Editor in 0.08 ms.
Unloading 3150 Unused Serialized files (Serialized files now loaded: 0)
System memory in use before: 300.4 MB.
System memory in use after: 300.6 MB.

Unloading 203 unused Assets to reduce memory usage. Loaded Objects now: 3667.
Total: 4.544800 ms (FindLiveObjects: 0.394700 ms CreateObjectMapping: 0.178400 ms MarkObjects: 3.894700 ms  DeleteObjects: 0.075600 ms)

AssetImportParameters requested are different than current active one (requested -> active):
  custom:framework-win-MediaFoundation: 216162199b28c13a410421893ffa2e32 -> 
  custom:video-decoder-ogg-theora: a1e56fd34408186e4bbccfd4996cb3dc -> 
  custom:container-muxer-webm: aa71ff27fc2769a1b78a27578f13a17b -> 
  custom:container-demuxer-webm: 4f35f7cbe854078d1ac9338744f61a02 -> 
  custom:container-demuxer-ogg: 62fdf1f143b41e24485cea50d1cbac27 -> 
  custom:video-encoder-webm-vp8: eb34c28f22e8b96e1ab97ce403110664 -> 
  custom:video-decoder-webm-vp8: 9c59270c3fd7afecdb556c50c9e8de78 -> 
  custom:audio-decoder-ogg-vorbis: bf7c407c2cedff20999df2af8eb42d56 -> 
  custom:audio-encoder-webm-vorbis: bf7c407c2cedff20999df2af8eb42d56 -> 
========================================================================
Received Prepare
Registering precompiled user dll's ...
Registered in 0.017133 seconds.
Begin MonoManager ReloadAssembly
Native extension for WindowsStandalone target not found
Refreshing native plugins compatible for Editor in 2.27 ms, found 7 plugins.
Preloading 1 native plugins for Editor in 0.11 ms.
Refreshing native plugins compatible for Editor in 2.34 ms, found 7 plugins.
Mono: successfully reloaded assembly
- Completed reload, in  1.139 seconds
Domain Reload Profiling:
	ReloadAssembly (1140ms)
		BeginReloadAssembly (115ms)
			ExecutionOrderSort (0ms)
			DisableScriptedObjects (4ms)
			BackupInstance (0ms)
			ReleaseScriptingObjects (0ms)
			CreateAndSetChildDomain (36ms)
		EndReloadAssembly (972ms)
			LoadAssemblies (86ms)
			RebuildTransferFunctionScriptingTraits (0ms)
			SetupTypeCache (255ms)
			ReleaseScriptCaches (1ms)
			RebuildScriptCaches (34ms)
			SetupLoadedEditorAssemblies (496ms)
				LogAssemblyErrors (0ms)
				InitializePlatformSupportModulesInManaged (4ms)
				SetLoadedEditorAssemblies (0ms)
				RefreshPlugins (2ms)
				BeforeProcessingInitializeOnLoad (60ms)
				ProcessInitializeOnLoadAttributes (380ms)
				ProcessInitializeOnLoadMethodAttributes (44ms)
				AfterProcessingInitializeOnLoad (5ms)
				EditorAssembliesLoaded (0ms)
			ExecutionOrderSort2 (0ms)
			AwakeInstancesAfterBackupRestoration (6ms)
Platform modules already initialized, skipping
Shader 'Hidden/BOXOPHOBIC/The Vegetation Engine/Helpers/Debug': dependency 'LightMode' shader 'ForwardBase' not found
Shader 'Oculus/OVRMRCameraFrameLit': fallback shader 'Alpha-Diffuse' not found
Refreshing native plugins compatible for Editor in 2.13 ms, found 7 plugins.
Preloading 1 native plugins for Editor in 0.06 ms.
Unloading 3150 Unused Serialized files (Serialized files now loaded: 0)
System memory in use before: 300.4 MB.
System memory in use after: 300.6 MB.

Unloading 203 unused Assets to reduce memory usage. Loaded Objects now: 3670.
Total: 4.606600 ms (FindLiveObjects: 0.456300 ms CreateObjectMapping: 0.231600 ms MarkObjects: 3.838300 ms  DeleteObjects: 0.078700 ms)

AssetImportParameters requested are different than current active one (requested -> active):
  custom:framework-win-MediaFoundation: 216162199b28c13a410421893ffa2e32 -> 
  custom:video-decoder-ogg-theora: a1e56fd34408186e4bbccfd4996cb3dc -> 
  custom:container-muxer-webm: aa71ff27fc2769a1b78a27578f13a17b -> 
  custom:container-demuxer-webm: 4f35f7cbe854078d1ac9338744f61a02 -> 
  custom:container-demuxer-ogg: 62fdf1f143b41e24485cea50d1cbac27 -> 
  custom:video-encoder-webm-vp8: eb34c28f22e8b96e1ab97ce403110664 -> 
  custom:video-decoder-webm-vp8: 9c59270c3fd7afecdb556c50c9e8de78 -> 
  custom:audio-decoder-ogg-vorbis: bf7c407c2cedff20999df2af8eb42d56 -> 
  custom:audio-encoder-webm-vorbis: bf7c407c2cedff20999df2af8eb42d56 -> 
========================================================================
Received Prepare
Registering precompiled user dll's ...
Registered in 0.015440 seconds.
Begin MonoManager ReloadAssembly
Native extension for WindowsStandalone target not found
Refreshing native plugins compatible for Editor in 2.29 ms, found 7 plugins.
Preloading 1 native plugins for Editor in 0.09 ms.
Refreshing native plugins compatible for Editor in 2.13 ms, found 7 plugins.
Mono: successfully reloaded assembly
- Completed reload, in  1.089 seconds
Domain Reload Profiling:
	ReloadAssembly (1090ms)
		BeginReloadAssembly (106ms)
			ExecutionOrderSort (0ms)
			DisableScriptedObjects (3ms)
			BackupInstance (0ms)
			ReleaseScriptingObjects (0ms)
			CreateAndSetChildDomain (36ms)
		EndReloadAssembly (933ms)
			LoadAssemblies (79ms)
			RebuildTransferFunctionScriptingTraits (0ms)
			SetupTypeCache (238ms)
			ReleaseScriptCaches (1ms)
			RebuildScriptCaches (35ms)
			SetupLoadedEditorAssemblies (483ms)
				LogAssemblyErrors (0ms)
				InitializePlatformSupportModulesInManaged (4ms)
				SetLoadedEditorAssemblies (0ms)
				RefreshPlugins (2ms)
				BeforeProcessingInitializeOnLoad (59ms)
				ProcessInitializeOnLoadAttributes (371ms)
				ProcessInitializeOnLoadMethodAttributes (40ms)
				AfterProcessingInitializeOnLoad (5ms)
				EditorAssembliesLoaded (0ms)
			ExecutionOrderSort2 (0ms)
			AwakeInstancesAfterBackupRestoration (6ms)
Platform modules already initialized, skipping
Shader 'Hidden/BOXOPHOBIC/The Vegetation Engine/Helpers/Debug': dependency 'LightMode' shader 'ForwardBase' not found
Shader 'Oculus/OVRMRCameraFrameLit': fallback shader 'Alpha-Diffuse' not found
Refreshing native plugins compatible for Editor in 2.19 ms, found 7 plugins.
Preloading 1 native plugins for Editor in 0.08 ms.
Unloading 3150 Unused Serialized files (Serialized files now loaded: 0)
System memory in use before: 300.4 MB.
System memory in use after: 300.7 MB.

Unloading 203 unused Assets to reduce memory usage. Loaded Objects now: 3673.
Total: 4.269100 ms (FindLiveObjects: 0.341500 ms CreateObjectMapping: 0.102300 ms MarkObjects: 3.747500 ms  DeleteObjects: 0.076900 ms)

AssetImportParameters requested are different than current active one (requested -> active):
  custom:framework-win-MediaFoundation: 216162199b28c13a410421893ffa2e32 -> 
  custom:video-decoder-ogg-theora: a1e56fd34408186e4bbccfd4996cb3dc -> 
  custom:container-muxer-webm: aa71ff27fc2769a1b78a27578f13a17b -> 
  custom:container-demuxer-webm: 4f35f7cbe854078d1ac9338744f61a02 -> 
  custom:container-demuxer-ogg: 62fdf1f143b41e24485cea50d1cbac27 -> 
  custom:video-encoder-webm-vp8: eb34c28f22e8b96e1ab97ce403110664 -> 
  custom:video-decoder-webm-vp8: 9c59270c3fd7afecdb556c50c9e8de78 -> 
  custom:audio-decoder-ogg-vorbis: bf7c407c2cedff20999df2af8eb42d56 -> 
  custom:audio-encoder-webm-vorbis: bf7c407c2cedff20999df2af8eb42d56 -> 
========================================================================
Received Prepare
Registering precompiled user dll's ...
Registered in 0.014990 seconds.
Begin MonoManager ReloadAssembly
Native extension for WindowsStandalone target not found
Refreshing native plugins compatible for Editor in 2.39 ms, found 7 plugins.
Preloading 1 native plugins for Editor in 0.12 ms.
Refreshing native plugins compatible for Editor in 2.30 ms, found 7 plugins.
Mono: successfully reloaded assembly
- Completed reload, in  1.164 seconds
Domain Reload Profiling:
	ReloadAssembly (1164ms)
		BeginReloadAssembly (109ms)
			ExecutionOrderSort (0ms)
			DisableScriptedObjects (4ms)
			BackupInstance (0ms)
			ReleaseScriptingObjects (0ms)
			CreateAndSetChildDomain (37ms)
		EndReloadAssembly (1000ms)
			LoadAssemblies (82ms)
			RebuildTransferFunctionScriptingTraits (0ms)
			SetupTypeCache (263ms)
			ReleaseScriptCaches (1ms)
			RebuildScriptCaches (37ms)
			SetupLoadedEditorAssemblies (514ms)
				LogAssemblyErrors (0ms)
				InitializePlatformSupportModulesInManaged (4ms)
				SetLoadedEditorAssemblies (1ms)
				RefreshPlugins (3ms)
				BeforeProcessingInitializeOnLoad (63ms)
				ProcessInitializeOnLoadAttributes (392ms)
				ProcessInitializeOnLoadMethodAttributes (46ms)
				AfterProcessingInitializeOnLoad (5ms)
				EditorAssembliesLoaded (0ms)
			ExecutionOrderSort2 (0ms)
			AwakeInstancesAfterBackupRestoration (6ms)
Platform modules already initialized, skipping
Shader 'Hidden/BOXOPHOBIC/The Vegetation Engine/Helpers/Debug': dependency 'LightMode' shader 'ForwardBase' not found
Shader 'Oculus/OVRMRCameraFrameLit': fallback shader 'Alpha-Diffuse' not found
Refreshing native plugins compatible for Editor in 2.28 ms, found 7 plugins.
Preloading 1 native plugins for Editor in 0.09 ms.
Unloading 3150 Unused Serialized files (Serialized files now loaded: 0)
System memory in use before: 300.4 MB.
System memory in use after: 300.7 MB.

Unloading 203 unused Assets to reduce memory usage. Loaded Objects now: 3676.
Total: 3.824300 ms (FindLiveObjects: 0.372300 ms CreateObjectMapping: 0.093400 ms MarkObjects: 3.293700 ms  DeleteObjects: 0.063800 ms)

AssetImportParameters requested are different than current active one (requested -> active):
  custom:framework-win-MediaFoundation: 216162199b28c13a410421893ffa2e32 -> 
  custom:video-decoder-ogg-theora: a1e56fd34408186e4bbccfd4996cb3dc -> 
  custom:container-muxer-webm: aa71ff27fc2769a1b78a27578f13a17b -> 
  custom:container-demuxer-webm: 4f35f7cbe854078d1ac9338744f61a02 -> 
  custom:container-demuxer-ogg: 62fdf1f143b41e24485cea50d1cbac27 -> 
  custom:video-encoder-webm-vp8: eb34c28f22e8b96e1ab97ce403110664 -> 
  custom:video-decoder-webm-vp8: 9c59270c3fd7afecdb556c50c9e8de78 -> 
  custom:audio-decoder-ogg-vorbis: bf7c407c2cedff20999df2af8eb42d56 -> 
  custom:audio-encoder-webm-vorbis: bf7c407c2cedff20999df2af8eb42d56 -> 
========================================================================
Received Prepare
Registering precompiled user dll's ...
Registered in 0.018028 seconds.
Begin MonoManager ReloadAssembly
Native extension for WindowsStandalone target not found
Refreshing native plugins compatible for Editor in 2.13 ms, found 7 plugins.
Preloading 1 native plugins for Editor in 0.08 ms.
Refreshing native plugins compatible for Editor in 2.07 ms, found 7 plugins.
Mono: successfully reloaded assembly
- Completed reload, in  1.124 seconds
Domain Reload Profiling:
	ReloadAssembly (1125ms)
		BeginReloadAssembly (99ms)
			ExecutionOrderSort (0ms)
			DisableScriptedObjects (3ms)
			BackupInstance (0ms)
			ReleaseScriptingObjects (0ms)
			CreateAndSetChildDomain (36ms)
		EndReloadAssembly (972ms)
			LoadAssemblies (82ms)
			RebuildTransferFunctionScriptingTraits (0ms)
			SetupTypeCache (259ms)
			ReleaseScriptCaches (1ms)
			RebuildScriptCaches (35ms)
			SetupLoadedEditorAssemblies (494ms)
				LogAssemblyErrors (0ms)
				InitializePlatformSupportModulesInManaged (4ms)
				SetLoadedEditorAssemblies (0ms)
				RefreshPlugins (2ms)
				BeforeProcessingInitializeOnLoad (60ms)
				ProcessInitializeOnLoadAttributes (380ms)
				ProcessInitializeOnLoadMethodAttributes (42ms)
				AfterProcessingInitializeOnLoad (5ms)
				EditorAssembliesLoaded (0ms)
			ExecutionOrderSort2 (0ms)
			AwakeInstancesAfterBackupRestoration (6ms)
Platform modules already initialized, skipping
Shader 'Hidden/BOXOPHOBIC/The Vegetation Engine/Helpers/Debug': dependency 'LightMode' shader 'ForwardBase' not found
Shader 'Oculus/OVRMRCameraFrameLit': fallback shader 'Alpha-Diffuse' not found
Refreshing native plugins compatible for Editor in 2.34 ms, found 7 plugins.
Preloading 1 native plugins for Editor in 0.09 ms.
Unloading 3150 Unused Serialized files (Serialized files now loaded: 0)
System memory in use before: 300.4 MB.
System memory in use after: 300.7 MB.

Unloading 203 unused Assets to reduce memory usage. Loaded Objects now: 3679.
Total: 4.724500 ms (FindLiveObjects: 0.340600 ms CreateObjectMapping: 0.178300 ms MarkObjects: 4.097900 ms  DeleteObjects: 0.105700 ms)

AssetImportParameters requested are different than current active one (requested -> active):
  custom:framework-win-MediaFoundation: 216162199b28c13a410421893ffa2e32 -> 
  custom:video-decoder-ogg-theora: a1e56fd34408186e4bbccfd4996cb3dc -> 
  custom:container-muxer-webm: aa71ff27fc2769a1b78a27578f13a17b -> 
  custom:container-demuxer-webm: 4f35f7cbe854078d1ac9338744f61a02 -> 
  custom:container-demuxer-ogg: 62fdf1f143b41e24485cea50d1cbac27 -> 
  custom:video-encoder-webm-vp8: eb34c28f22e8b96e1ab97ce403110664 -> 
  custom:video-decoder-webm-vp8: 9c59270c3fd7afecdb556c50c9e8de78 -> 
  custom:audio-decoder-ogg-vorbis: bf7c407c2cedff20999df2af8eb42d56 -> 
  custom:audio-encoder-webm-vorbis: bf7c407c2cedff20999df2af8eb42d56 -> 
========================================================================
Received Prepare
Registering precompiled user dll's ...
Registered in 0.015442 seconds.
Begin MonoManager ReloadAssembly
Native extension for WindowsStandalone target not found
Refreshing native plugins compatible for Editor in 2.40 ms, found 7 plugins.
Preloading 1 native plugins for Editor in 0.12 ms.
Refreshing native plugins compatible for Editor in 2.38 ms, found 7 plugins.
Mono: successfully reloaded assembly
- Completed reload, in  1.153 seconds
Domain Reload Profiling:
	ReloadAssembly (1153ms)
		BeginReloadAssembly (109ms)
			ExecutionOrderSort (0ms)
			DisableScriptedObjects (4ms)
			BackupInstance (0ms)
			ReleaseScriptingObjects (0ms)
			CreateAndSetChildDomain (37ms)
		EndReloadAssembly (988ms)
			LoadAssemblies (84ms)
			RebuildTransferFunctionScriptingTraits (0ms)
			SetupTypeCache (263ms)
			ReleaseScriptCaches (1ms)
			RebuildScriptCaches (37ms)
			SetupLoadedEditorAssemblies (500ms)
				LogAssemblyErrors (0ms)
				InitializePlatformSupportModulesInManaged (4ms)
				SetLoadedEditorAssemblies (0ms)
				RefreshPlugins (3ms)
				BeforeProcessingInitializeOnLoad (61ms)
				ProcessInitializeOnLoadAttributes (384ms)
				ProcessInitializeOnLoadMethodAttributes (42ms)
				AfterProcessingInitializeOnLoad (5ms)
				EditorAssembliesLoaded (0ms)
			ExecutionOrderSort2 (0ms)
			AwakeInstancesAfterBackupRestoration (6ms)
Platform modules already initialized, skipping
Shader 'Hidden/BOXOPHOBIC/The Vegetation Engine/Helpers/Debug': dependency 'LightMode' shader 'ForwardBase' not found
Shader 'Oculus/OVRMRCameraFrameLit': fallback shader 'Alpha-Diffuse' not found
Refreshing native plugins compatible for Editor in 3.06 ms, found 7 plugins.
Preloading 1 native plugins for Editor in 0.09 ms.
Unloading 3150 Unused Serialized files (Serialized files now loaded: 0)
System memory in use before: 300.5 MB.
System memory in use after: 300.7 MB.

Unloading 203 unused Assets to reduce memory usage. Loaded Objects now: 3682.
Total: 4.762900 ms (FindLiveObjects: 0.438400 ms CreateObjectMapping: 0.171700 ms MarkObjects: 4.051400 ms  DeleteObjects: 0.100100 ms)

AssetImportParameters requested are different than current active one (requested -> active):
  custom:framework-win-MediaFoundation: 216162199b28c13a410421893ffa2e32 -> 
  custom:video-decoder-ogg-theora: a1e56fd34408186e4bbccfd4996cb3dc -> 
  custom:container-muxer-webm: aa71ff27fc2769a1b78a27578f13a17b -> 
  custom:container-demuxer-webm: 4f35f7cbe854078d1ac9338744f61a02 -> 
  custom:container-demuxer-ogg: 62fdf1f143b41e24485cea50d1cbac27 -> 
  custom:video-encoder-webm-vp8: eb34c28f22e8b96e1ab97ce403110664 -> 
  custom:video-decoder-webm-vp8: 9c59270c3fd7afecdb556c50c9e8de78 -> 
  custom:audio-decoder-ogg-vorbis: bf7c407c2cedff20999df2af8eb42d56 -> 
  custom:audio-encoder-webm-vorbis: bf7c407c2cedff20999df2af8eb42d56 -> 
AssetImportWorkerClient::OnTransportError - code=2 error=End of file
